c:\users\g3-mladen\desktop\csoft\5. complex data and transaction records\phonebook\phonebook\debug\phonebook.pch
c:\users\g3-mladen\desktop\csoft\5. complex data and transaction records\phonebook\phonebook\debug\vc140.pdb
c:\users\g3-mladen\desktop\csoft\5. complex data and transaction records\phonebook\phonebook\debug\vc140.idb
c:\users\g3-mladen\desktop\csoft\5. complex data and transaction records\phonebook\phonebook\debug\stdafx.obj
c:\users\g3-mladen\desktop\csoft\5. complex data and transaction records\phonebook\phonebook\debug\citiesdocument.obj
c:\users\g3-mladen\desktop\csoft\5. complex data and transaction records\phonebook\phonebook\debug\citiestable.obj
c:\users\g3-mladen\desktop\csoft\5. complex data and transaction records\phonebook\phonebook\debug\citiesview.obj
c:\users\g3-mladen\desktop\csoft\5. complex data and transaction records\phonebook\phonebook\debug\contact.obj
c:\users\g3-mladen\desktop\csoft\5. complex data and transaction records\phonebook\phonebook\debug\numericedit.obj
c:\users\g3-mladen\desktop\csoft\5. complex data and transaction records\phonebook\phonebook\debug\personsdlg.obj
c:\users\g3-mladen\desktop\csoft\5. complex data and transaction records\phonebook\phonebook\debug\database.obj
c:\users\g3-mladen\desktop\csoft\5. complex data and transaction records\phonebook\phonebook\debug\mainframe.obj
c:\users\g3-mladen\desktop\csoft\5. complex data and transaction records\phonebook\phonebook\debug\personsdata.obj
c:\users\g3-mladen\desktop\csoft\5. complex data and transaction records\phonebook\phonebook\debug\personsdocument.obj
c:\users\g3-mladen\desktop\csoft\5. complex data and transaction records\phonebook\phonebook\debug\personstable.obj
c:\users\g3-mladen\desktop\csoft\5. complex data and transaction records\phonebook\phonebook\debug\personsview.obj
c:\users\g3-mladen\desktop\csoft\5. complex data and transaction records\phonebook\phonebook\debug\phonebookapp.obj
c:\users\g3-mladen\desktop\csoft\5. complex data and transaction records\phonebook\phonebook\debug\phonenumbersdlg.obj
c:\users\g3-mladen\desktop\csoft\5. complex data and transaction records\phonebook\phonebook\debug\phonenumberstable.obj
c:\users\g3-mladen\desktop\csoft\5. complex data and transaction records\phonebook\phonebook\debug\phonetypesdata.obj
c:\users\g3-mladen\desktop\csoft\5. complex data and transaction records\phonebook\phonebook\debug\phonetypesdlg.obj
c:\users\g3-mladen\desktop\csoft\5. complex data and transaction records\phonebook\phonebook\debug\phonetypesdocument.obj
c:\users\g3-mladen\desktop\csoft\5. complex data and transaction records\phonebook\phonebook\debug\phonetypestable.obj
c:\users\g3-mladen\desktop\csoft\5. complex data and transaction records\phonebook\phonebook\debug\phonetypesview.obj
c:\users\g3-mladen\desktop\csoft\5. complex data and transaction records\phonebook\phonebook\debug\alphabeticedit.obj
c:\users\g3-mladen\desktop\csoft\5. complex data and transaction records\phonebook\phonebook\debug\citiesdata.obj
c:\users\g3-mladen\desktop\csoft\5. complex data and transaction records\phonebook\phonebook\debug\citiesdlg.obj
c:\users\g3-mladen\desktop\csoft\5. complex data and transaction records\phonebook\phonebook\debug\contextmenu.obj
c:\users\g3-mladen\desktop\csoft\5. complex data and transaction records\phonebook\phonebook\debug\childframe.obj
c:\users\g3-mladen\desktop\csoft\5. complex data and transaction records\phonebook\debug\phonebook.ilk
c:\users\g3-mladen\desktop\csoft\5. complex data and transaction records\phonebook\debug\phonebook.exe
c:\users\g3-mladen\desktop\csoft\5. complex data and transaction records\phonebook\debug\phonebook.pdb
c:\users\g3-mladen\desktop\csoft\5. complex data and transaction records\phonebook\phonebook\debug\phonebook.res
c:\users\g3-mladen\desktop\csoft\5. complex data and transaction records\phonebook\phonebook\debug\phonebook.tlog\cl.command.1.tlog
c:\users\g3-mladen\desktop\csoft\5. complex data and transaction records\phonebook\phonebook\debug\phonebook.tlog\cl.read.1.tlog
c:\users\g3-mladen\desktop\csoft\5. complex data and transaction records\phonebook\phonebook\debug\phonebook.tlog\cl.write.1.tlog
c:\users\g3-mladen\desktop\csoft\5. complex data and transaction records\phonebook\phonebook\debug\phonebook.tlog\link.command.1.tlog
c:\users\g3-mladen\desktop\csoft\5. complex data and transaction records\phonebook\phonebook\debug\phonebook.tlog\link.read.1.tlog
c:\users\g3-mladen\desktop\csoft\5. complex data and transaction records\phonebook\phonebook\debug\phonebook.tlog\link.write.1.tlog
c:\users\g3-mladen\desktop\csoft\5. complex data and transaction records\phonebook\phonebook\debug\phonebook.tlog\rc.command.1.tlog
c:\users\g3-mladen\desktop\csoft\5. complex data and transaction records\phonebook\phonebook\debug\phonebook.tlog\rc.read.1.tlog
c:\users\g3-mladen\desktop\csoft\5. complex data and transaction records\phonebook\phonebook\debug\phonebook.tlog\rc.write.1.tlog
